# JRE version: OpenJDK Runtime Environment (8.0_151-b12) (build 1.8.0_151-8u151-b12-0ubuntu0.16.04.2-b12)
# Java VM: OpenJDK 64-Bit Server VM (25.151-b12 mixed mode linux-amd64 compressed oops)
Heap:
 PSYoungGen      total 355328K, used 8265K [0x00000000d7000000, 0x00000000efa80000, 0x0000000100000000)
  eden space 342528K, 0% used [0x00000000d7000000,0x00000000d7000000,0x00000000ebe80000)
  from space 12800K, 64% used [0x00000000ebe80000,0x00000000ec6926f8,0x00000000ecb00000)
  to   space 11264K, 0% used [0x00000000ecb00000,0x00000000ecb00000,0x00000000ed600000)
 ParOldGen       total 48640K, used 7522K [0x0000000085000000, 0x0000000087f80000, 0x00000000d7000000)
  object space 48640K, 15% used [0x0000000085000000,0x0000000085758b40,0x0000000087f80000)
 Metaspace       used 32790K, capacity 33169K, committed 33408K, reserved 1079296K
  class space    used 3298K, capacity 3424K, committed 3456K, reserved 1048576K
GC Heap History (10 events):
Event: 2.637 GC heap after
Heap after GC invocations=5 (full 0):
 PSYoungGen      total 132096K, used 5088K [0x00000000d7000000, 0x00000000e7800000, 0x0000000100000000)
  eden space 126976K, 0% used [0x00000000d7000000,0x00000000d7000000,0x00000000dec00000)
  from space 5120K, 99% used [0x00000000dec00000,0x00000000df0f8070,0x00000000df100000)
  to   space 8192K, 0% used [0x00000000e7000000,0x00000000e7000000,0x00000000e7800000)
 ParOldGen       total 84992K, used 4194K [0x0000000085000000, 0x000000008a300000, 0x00000000d7000000)
  object space 84992K, 4% used [0x0000000085000000,0x0000000085418a00,0x000000008a300000)
 Metaspace       used 20833K, capacity 21045K, committed 21248K, reserved 1069056K
  class space    used 2101K, capacity 2194K, committed 2304K, reserved 1048576K
}
Event: 2.637 GC heap before
{Heap before GC invocations=6 (full 1):
 PSYoungGen      total 132096K, used 5088K [0x00000000d7000000, 0x00000000e7800000, 0x0000000100000000)
  eden space 126976K, 0% used [0x00000000d7000000,0x00000000d7000000,0x00000000dec00000)
  from space 5120K, 99% used [0x00000000dec00000,0x00000000df0f8070,0x00000000df100000)
  to   space 8192K, 0% used [0x00000000e7000000,0x00000000e7000000,0x00000000e7800000)
 ParOldGen       total 84992K, used 4194K [0x0000000085000000, 0x000000008a300000, 0x00000000d7000000)
  object space 84992K, 4% used [0x0000000085000000,0x0000000085418a00,0x000000008a300000)
 Metaspace       used 20833K, capacity 21045K, committed 21248K, reserved 1069056K
  class space    used 2101K, capacity 2194K, committed 2304K, reserved 1048576K
Event: 2.663 GC heap after
Heap after GC invocations=6 (full 1):
 PSYoungGen      total 132096K, used 0K [0x00000000d7000000, 0x00000000e7800000, 0x0000000100000000)
  eden space 126976K, 0% used [0x00000000d7000000,0x00000000d7000000,0x00000000dec00000)
  from space 5120K, 0% used [0x00000000dec00000,0x00000000dec00000,0x00000000df100000)
  to   space 8192K, 0% used [0x00000000e7000000,0x00000000e7000000,0x00000000e7800000)
 ParOldGen       total 48640K, used 5690K [0x0000000085000000, 0x0000000087f80000, 0x00000000d7000000)
  object space 48640K, 11% used [0x0000000085000000,0x000000008558e820,0x0000000087f80000)
 Metaspace       used 20833K, capacity 21045K, committed 21248K, reserved 1069056K
  class space    used 2101K, capacity 2194K, committed 2304K, reserved 1048576K
}
Event: 3.110 GC heap before
{Heap before GC invocations=7 (full 1):
 PSYoungGen      total 132096K, used 126976K [0x00000000d7000000, 0x00000000e7800000, 0x0000000100000000)
  eden space 126976K, 100% used [0x00000000d7000000,0x00000000dec00000,0x00000000dec00000)
  from space 5120K, 0% used [0x00000000dec00000,0x00000000dec00000,0x00000000df100000)
  to   space 8192K, 0% used [0x00000000e7000000,0x00000000e7000000,0x00000000e7800000)
 ParOldGen       total 48640K, used 5690K [0x0000000085000000, 0x0000000087f80000, 0x00000000d7000000)
  object space 48640K, 11% used [0x0000000085000000,0x000000008558e820,0x0000000087f80000)
 Metaspace       used 20984K, capacity 21241K, committed 21504K, reserved 1069056K
  class space    used 2111K, capacity 2232K, committed 2304K, reserved 1048576K
Event: 3.113 GC heap after
Heap after GC invocations=7 (full 1):
 PSYoungGen      total 214016K, used 896K [0x00000000d7000000, 0x00000000e7100000, 0x0000000100000000)
  eden space 212992K, 0% used [0x00000000d7000000,0x00000000d7000000,0x00000000e4000000)
  from space 1024K, 87% used [0x00000000e7000000,0x00000000e70e0010,0x00000000e7100000)
  to   space 9216K, 0% used [0x00000000e5f00000,0x00000000e5f00000,0x00000000e6800000)
 ParOldGen       total 48640K, used 5698K [0x0000000085000000, 0x0000000087f80000, 0x00000000d7000000)
  object space 48640K, 11% used [0x0000000085000000,0x0000000085590820,0x0000000087f80000)
 Metaspace       used 20984K, capacity 21241K, committed 21504K, reserved 1069056K
  class space    used 2111K, capacity 2232K, committed 2304K, reserved 1048576K
}
Event: 12.719 GC heap before
{Heap before GC invocations=8 (full 1):
 PSYoungGen      total 214016K, used 213888K [0x00000000d7000000, 0x00000000e7100000, 0x0000000100000000)
  eden space 212992K, 100% used [0x00000000d7000000,0x00000000e4000000,0x00000000e4000000)
  from space 1024K, 87% used [0x00000000e7000000,0x00000000e70e0010,0x00000000e7100000)
  to   space 9216K, 0% used [0x00000000e5f00000,0x00000000e5f00000,0x00000000e6800000)
 ParOldGen       total 48640K, used 5698K [0x0000000085000000, 0x0000000087f80000, 0x00000000d7000000)
  object space 48640K, 11% used [0x0000000085000000,0x0000000085590820,0x0000000087f80000)
 Metaspace       used 31616K, capacity 31985K, committed 32384K, reserved 1079296K
  class space    used 3273K, capacity 3392K, committed 3456K, reserved 1048576K
Event: 12.734 GC heap after
Heap after GC invocations=8 (full 1):
 PSYoungGen      total 253952K, used 9213K [0x00000000d7000000, 0x00000000ed600000, 0x0000000100000000)
  eden space 244736K, 0% used [0x00000000d7000000,0x00000000d7000000,0x00000000e5f00000)
  from space 9216K, 99% used [0x00000000e5f00000,0x00000000e67ff7c8,0x00000000e6800000)
  to   space 11264K, 0% used [0x00000000ecb00000,0x00000000ecb00000,0x00000000ed600000)
 ParOldGen       total 48640K, used 6882K [0x0000000085000000, 0x0000000087f80000, 0x00000000d7000000)
  object space 48640K, 14% used [0x0000000085000000,0x00000000856b8b40,0x0000000087f80000)
 Metaspace       used 31616K, capacity 31985K, committed 32384K, reserved 1079296K
  class space    used 3273K, capacity 3392K, committed 3456K, reserved 1048576K
}
Event: 31.666 GC heap before
{Heap before GC invocations=9 (full 1):
 PSYoungGen      total 253952K, used 253949K [0x00000000d7000000, 0x00000000ed600000, 0x0000000100000000)
  eden space 244736K, 100% used [0x00000000d7000000,0x00000000e5f00000,0x00000000e5f00000)
  from space 9216K, 99% used [0x00000000e5f00000,0x00000000e67ff7c8,0x00000000e6800000)
  to   space 11264K, 0% used [0x00000000ecb00000,0x00000000ecb00000,0x00000000ed600000)
 ParOldGen       total 48640K, used 6882K [0x0000000085000000, 0x0000000087f80000, 0x00000000d7000000)
  object space 48640K, 14% used [0x0000000085000000,0x00000000856b8b40,0x0000000087f80000)
 Metaspace       used 32435K, capacity 32785K, committed 33152K, reserved 1079296K
  class space    used 3293K, capacity 3424K, committed 3456K, reserved 1048576K
Event: 31.674 GC heap after
Heap after GC invocations=9 (full 1):
 PSYoungGen      total 353792K, used 9681K [0x00000000d7000000, 0x00000000efa80000, 0x0000000100000000)
  eden space 342528K, 0% used [0x00000000d7000000,0x00000000d7000000,0x00000000ebe80000)
  from space 11264K, 85% used [0x00000000ecb00000,0x00000000ed474788,0x00000000ed600000)
  to   space 12800K, 0% used [0x00000000ebe80000,0x00000000ebe80000,0x00000000ecb00000)
 ParOldGen       total 48640K, used 6890K [0x0000000085000000, 0x0000000087f80000, 0x00000000d7000000)
  object space 48640K, 14% used [0x0000000085000000,0x00000000856bab40,0x0000000087f80000)
 Metaspace       used 32435K, capacity 32785K, committed 33152K, reserved 1079296K
  class space    used 3293K, capacity 3424K, committed 3456K, reserved 1048576K
}
Event: 9824.739 GC heap before
{Heap before GC invocations=10 (full 1):
 PSYoungGen      total 353792K, used 352209K [0x00000000d7000000, 0x00000000efa80000, 0x0000000100000000)
  eden space 342528K, 100% used [0x00000000d7000000,0x00000000ebe80000,0x00000000ebe80000)
  from space 11264K, 85% used [0x00000000ecb00000,0x00000000ed474788,0x00000000ed600000)
  to   space 12800K, 0% used [0x00000000ebe80000,0x00000000ebe80000,0x00000000ecb00000)
 ParOldGen       total 48640K, used 6890K [0x0000000085000000, 0x0000000087f80000, 0x00000000d7000000)
  object space 48640K, 14% used [0x0000000085000000,0x00000000856bab40,0x0000000087f80000)
 Metaspace       used 32790K, capacity 33169K, committed 33408K, reserved 1079296K
  class space    used 3298K, capacity 3424K, committed 3456K, reserved 1048576K

