# JRE version: OpenJDK Runtime Environment (8.0_151-b12) (build 1.8.0_151-8u151-b12-0ubuntu0.16.04.2-b12)
# Java VM: OpenJDK 64-Bit Server VM (25.151-b12 mixed mode linux-amd64 compressed oops)
Heap:
 PSYoungGen      total 403456K, used 16376K [0x000000076cf00000, 0x0000000788200000, 0x00000007c0000000)
  eden space 387072K, 0% used [0x000000076cf00000,0x000000076cf00000,0x0000000784900000)
  from space 16384K, 99% used [0x0000000784900000,0x00000007858fe388,0x0000000785900000)
  to   space 16384K, 0% used [0x0000000785900000,0x0000000785900000,0x0000000786900000)
 ParOldGen       total 83968K, used 25866K [0x00000006c6c00000, 0x00000006cbe00000, 0x000000076cf00000)
  object space 83968K, 30% used [0x00000006c6c00000,0x00000006c8542b70,0x00000006cbe00000)
 Metaspace       used 34694K, capacity 34971K, committed 35416K, reserved 1081344K
  class space    used 3493K, capacity 3607K, committed 3672K, reserved 1048576K
GC Heap History (10 events):
Event: 1.270 GC heap after
Heap after GC invocations=3 (full 0):
 PSYoungGen      total 139264K, used 5700K [0x000000076cf00000, 0x000000077df00000, 0x00000007c0000000)
  eden space 129024K, 0% used [0x000000076cf00000,0x000000076cf00000,0x0000000774d00000)
  from space 10240K, 55% used [0x0000000774d00000,0x0000000775291100,0x0000000775700000)
  to   space 10240K, 0% used [0x000000077d500000,0x000000077d500000,0x000000077df00000)
 ParOldGen       total 171008K, used 96K [0x00000006c6c00000, 0x00000006d1300000, 0x000000076cf00000)
  object space 171008K, 0% used [0x00000006c6c00000,0x00000006c6c18010,0x00000006d1300000)
 Metaspace       used 20848K, capacity 21039K, committed 21248K, reserved 1069056K
  class space    used 2093K, capacity 2193K, committed 2304K, reserved 1048576K
}
Event: 1.270 GC heap before
{Heap before GC invocations=4 (full 1):
 PSYoungGen      total 139264K, used 5700K [0x000000076cf00000, 0x000000077df00000, 0x00000007c0000000)
  eden space 129024K, 0% used [0x000000076cf00000,0x000000076cf00000,0x0000000774d00000)
  from space 10240K, 55% used [0x0000000774d00000,0x0000000775291100,0x0000000775700000)
  to   space 10240K, 0% used [0x000000077d500000,0x000000077d500000,0x000000077df00000)
 ParOldGen       total 171008K, used 96K [0x00000006c6c00000, 0x00000006d1300000, 0x000000076cf00000)
  object space 171008K, 0% used [0x00000006c6c00000,0x00000006c6c18010,0x00000006d1300000)
 Metaspace       used 20848K, capacity 21039K, committed 21248K, reserved 1069056K
  class space    used 2093K, capacity 2193K, committed 2304K, reserved 1048576K
Event: 1.298 GC heap after
Heap after GC invocations=4 (full 1):
 PSYoungGen      total 139264K, used 0K [0x000000076cf00000, 0x000000077df00000, 0x00000007c0000000)
  eden space 129024K, 0% used [0x000000076cf00000,0x000000076cf00000,0x0000000774d00000)
  from space 10240K, 0% used [0x0000000774d00000,0x0000000774d00000,0x0000000775700000)
  to   space 10240K, 0% used [0x000000077d500000,0x000000077d500000,0x000000077df00000)
 ParOldGen       total 83968K, used 5491K [0x00000006c6c00000, 0x00000006cbe00000, 0x000000076cf00000)
  object space 83968K, 6% used [0x00000006c6c00000,0x00000006c715ccc0,0x00000006cbe00000)
 Metaspace       used 20848K, capacity 21039K, committed 21248K, reserved 1069056K
  class space    used 2093K, capacity 2193K, committed 2304K, reserved 1048576K
}
Event: 1.403 GC heap before
{Heap before GC invocations=5 (full 1):
 PSYoungGen      total 139264K, used 129024K [0x000000076cf00000, 0x000000077df00000, 0x00000007c0000000)
  eden space 129024K, 100% used [0x000000076cf00000,0x0000000774d00000,0x0000000774d00000)
  from space 10240K, 0% used [0x0000000774d00000,0x0000000774d00000,0x0000000775700000)
  to   space 10240K, 0% used [0x000000077d500000,0x000000077d500000,0x000000077df00000)
 ParOldGen       total 83968K, used 5491K [0x00000006c6c00000, 0x00000006cbe00000, 0x000000076cf00000)
  object space 83968K, 6% used [0x00000006c6c00000,0x00000006c715ccc0,0x00000006cbe00000)
 Metaspace       used 21839K, capacity 22157K, committed 22272K, reserved 1069056K
  class space    used 2181K, capacity 2300K, committed 2304K, reserved 1048576K
Event: 1.407 GC heap after
Heap after GC invocations=5 (full 1):
 PSYoungGen      total 228864K, used 2275K [0x000000076cf00000, 0x000000077d780000, 0x00000007c0000000)
  eden space 226304K, 0% used [0x000000076cf00000,0x000000076cf00000,0x000000077ac00000)
  from space 2560K, 88% used [0x000000077d500000,0x000000077d738f80,0x000000077d780000)
  to   space 10240K, 0% used [0x000000077c380000,0x000000077c380000,0x000000077cd80000)
 ParOldGen       total 83968K, used 5499K [0x00000006c6c00000, 0x00000006cbe00000, 0x000000076cf00000)
  object space 83968K, 6% used [0x00000006c6c00000,0x00000006c715ecc0,0x00000006cbe00000)
 Metaspace       used 21839K, capacity 22157K, committed 22272K, reserved 1069056K
  class space    used 2181K, capacity 2300K, committed 2304K, reserved 1048576K
}
Event: 6.703 GC heap before
{Heap before GC invocations=6 (full 1):
 PSYoungGen      total 228864K, used 228579K [0x000000076cf00000, 0x000000077d780000, 0x00000007c0000000)
  eden space 226304K, 100% used [0x000000076cf00000,0x000000077ac00000,0x000000077ac00000)
  from space 2560K, 88% used [0x000000077d500000,0x000000077d738f80,0x000000077d780000)
  to   space 10240K, 0% used [0x000000077c380000,0x000000077c380000,0x000000077cd80000)
 ParOldGen       total 83968K, used 5499K [0x00000006c6c00000, 0x00000006cbe00000, 0x000000076cf00000)
  object space 83968K, 6% used [0x00000006c6c00000,0x00000006c715ecc0,0x00000006cbe00000)
 Metaspace       used 31603K, capacity 31963K, committed 32384K, reserved 1079296K
  class space    used 3281K, capacity 3415K, committed 3456K, reserved 1048576K
Event: 6.780 GC heap after
Heap after GC invocations=6 (full 1):
 PSYoungGen      total 260608K, used 10232K [0x000000076cf00000, 0x0000000786900000, 0x00000007c0000000)
  eden space 250368K, 0% used [0x000000076cf00000,0x000000076cf00000,0x000000077c380000)
  from space 10240K, 99% used [0x000000077c380000,0x000000077cd7e388,0x000000077cd80000)
  to   space 16384K, 0% used [0x0000000785900000,0x0000000785900000,0x0000000786900000)
 ParOldGen       total 83968K, used 12281K [0x00000006c6c00000, 0x00000006cbe00000, 0x000000076cf00000)
  object space 83968K, 14% used [0x00000006c6c00000,0x00000006c77fe5d8,0x00000006cbe00000)
 Metaspace       used 31603K, capacity 31963K, committed 32384K, reserved 1079296K
  class space    used 3281K, capacity 3415K, committed 3456K, reserved 1048576K
}
Event: 22.639 GC heap before
{Heap before GC invocations=7 (full 1):
 PSYoungGen      total 260608K, used 260600K [0x000000076cf00000, 0x0000000786900000, 0x00000007c0000000)
  eden space 250368K, 100% used [0x000000076cf00000,0x000000077c380000,0x000000077c380000)
  from space 10240K, 99% used [0x000000077c380000,0x000000077cd7e388,0x000000077cd80000)
  to   space 16384K, 0% used [0x0000000785900000,0x0000000785900000,0x0000000786900000)
 ParOldGen       total 83968K, used 12281K [0x00000006c6c00000, 0x00000006cbe00000, 0x000000076cf00000)
  object space 83968K, 14% used [0x00000006c6c00000,0x00000006c77fe5d8,0x00000006cbe00000)
 Metaspace       used 32716K, capacity 33051K, committed 33408K, reserved 1079296K
  class space    used 3304K, capacity 3415K, committed 3456K, reserved 1048576K
Event: 22.653 GC heap after
Heap after GC invocations=7 (full 1):
 PSYoungGen      total 403456K, used 9878K [0x000000076cf00000, 0x0000000788200000, 0x00000007c0000000)
  eden space 387072K, 0% used [0x000000076cf00000,0x000000076cf00000,0x0000000784900000)
  from space 16384K, 60% used [0x0000000785900000,0x00000007862a5810,0x0000000786900000)
  to   space 16384K, 0% used [0x0000000784900000,0x0000000784900000,0x0000000785900000)
 ParOldGen       total 83968K, used 12289K [0x00000006c6c00000, 0x00000006cbe00000, 0x000000076cf00000)
  object space 83968K, 14% used [0x00000006c6c00000,0x00000006c78005d8,0x00000006cbe00000)
 Metaspace       used 32716K, capacity 33051K, committed 33408K, reserved 1079296K
  class space    used 3304K, capacity 3415K, committed 3456K, reserved 1048576K
}
Event: 10334.717 GC heap before
{Heap before GC invocations=8 (full 1):
 PSYoungGen      total 403456K, used 396950K [0x000000076cf00000, 0x0000000788200000, 0x00000007c0000000)
  eden space 387072K, 100% used [0x000000076cf00000,0x0000000784900000,0x0000000784900000)
  from space 16384K, 60% used [0x0000000785900000,0x00000007862a5810,0x0000000786900000)
  to   space 16384K, 0% used [0x0000000784900000,0x0000000784900000,0x0000000785900000)
 ParOldGen       total 83968K, used 12289K [0x00000006c6c00000, 0x00000006cbe00000, 0x000000076cf00000)
  object space 83968K, 14% used [0x00000006c6c00000,0x00000006c78005d8,0x00000006cbe00000)
 Metaspace       used 34694K, capacity 34971K, committed 35416K, reserved 1081344K
  class space    used 3493K, capacity 3607K, committed 3672K, reserved 1048576K

