# JRE version: OpenJDK Runtime Environment (8.0_151-b12) (build 1.8.0_151-8u151-b12-0ubuntu0.16.04.2-b12)
# Java VM: OpenJDK 64-Bit Server VM (25.151-b12 mixed mode linux-amd64 compressed oops)
Heap:
 PSYoungGen      total 308224K, used 15475K [0x000000076cf00000, 0x0000000781380000, 0x00000007c0000000)
  eden space 291328K, 0% used [0x000000076cf00000,0x000000076cf00000,0x000000077eb80000)
  from space 16896K, 91% used [0x000000077f280000,0x000000078019cca8,0x0000000780300000)
  to   space 13312K, 0% used [0x0000000780680000,0x0000000780680000,0x0000000781380000)
 ParOldGen       total 89088K, used 12951K [0x00000006c6c00000, 0x00000006cc300000, 0x000000076cf00000)
  object space 89088K, 14% used [0x00000006c6c00000,0x00000006c78a5fc8,0x00000006cc300000)
 Metaspace       used 34664K, capacity 35003K, committed 35328K, reserved 1081344K
  class space    used 3467K, capacity 3575K, committed 3584K, reserved 1048576K
GC Heap History (10 events):
Event: 1.274 GC heap after
Heap after GC invocations=5 (full 1):
 PSYoungGen      total 114176K, used 1264K [0x000000076cf00000, 0x0000000775880000, 0x00000007c0000000)
  eden space 112640K, 0% used [0x000000076cf00000,0x000000076cf00000,0x0000000773d00000)
  from space 1536K, 82% used [0x0000000775700000,0x000000077583c050,0x0000000775880000)
  to   space 10240K, 0% used [0x0000000774480000,0x0000000774480000,0x0000000774e80000)
 ParOldGen       total 89088K, used 5497K [0x00000006c6c00000, 0x00000006cc300000, 0x000000076cf00000)
  object space 89088K, 6% used [0x00000006c6c00000,0x00000006c715e678,0x00000006cc300000)
 Metaspace       used 21127K, capacity 21427K, committed 21760K, reserved 1069056K
  class space    used 2109K, capacity 2231K, committed 2304K, reserved 1048576K
}
Event: 1.368 GC heap before
{Heap before GC invocations=6 (full 1):
 PSYoungGen      total 114176K, used 113904K [0x000000076cf00000, 0x0000000775880000, 0x00000007c0000000)
  eden space 112640K, 100% used [0x000000076cf00000,0x0000000773d00000,0x0000000773d00000)
  from space 1536K, 82% used [0x0000000775700000,0x000000077583c050,0x0000000775880000)
  to   space 10240K, 0% used [0x0000000774480000,0x0000000774480000,0x0000000774e80000)
 ParOldGen       total 89088K, used 5497K [0x00000006c6c00000, 0x00000006cc300000, 0x000000076cf00000)
  object space 89088K, 6% used [0x00000006c6c00000,0x00000006c715e678,0x00000006cc300000)
 Metaspace       used 21958K, capacity 22285K, committed 22528K, reserved 1069056K
  class space    used 2192K, capacity 2300K, committed 2304K, reserved 1048576K
Event: 1.371 GC heap after
Heap after GC invocations=6 (full 1):
 PSYoungGen      total 130560K, used 2399K [0x000000076cf00000, 0x0000000779e00000, 0x00000007c0000000)
  eden space 120320K, 0% used [0x000000076cf00000,0x000000076cf00000,0x0000000774480000)
  from space 10240K, 23% used [0x0000000774480000,0x00000007746d7df8,0x0000000774e80000)
  to   space 9728K, 0% used [0x0000000779480000,0x0000000779480000,0x0000000779e00000)
 ParOldGen       total 89088K, used 5505K [0x00000006c6c00000, 0x00000006cc300000, 0x000000076cf00000)
  object space 89088K, 6% used [0x00000006c6c00000,0x00000006c7160678,0x00000006cc300000)
 Metaspace       used 21958K, capacity 22285K, committed 22528K, reserved 1069056K
  class space    used 2192K, capacity 2300K, committed 2304K, reserved 1048576K
}
Event: 2.120 GC heap before
{Heap before GC invocations=7 (full 1):
 PSYoungGen      total 130560K, used 122576K [0x000000076cf00000, 0x0000000779e00000, 0x00000007c0000000)
  eden space 120320K, 99% used [0x000000076cf00000,0x000000077445c230,0x0000000774480000)
  from space 10240K, 23% used [0x0000000774480000,0x00000007746d7df8,0x0000000774e80000)
  to   space 9728K, 0% used [0x0000000779480000,0x0000000779480000,0x0000000779e00000)
 ParOldGen       total 89088K, used 5505K [0x00000006c6c00000, 0x00000006cc300000, 0x000000076cf00000)
  object space 89088K, 6% used [0x00000006c6c00000,0x00000006c7160678,0x00000006cc300000)
 Metaspace       used 29775K, capacity 30077K, committed 30464K, reserved 1077248K
  class space    used 3169K, capacity 3282K, committed 3328K, reserved 1048576K
Event: 2.126 GC heap after
Heap after GC invocations=7 (full 1):
 PSYoungGen      total 201728K, used 7572K [0x000000076cf00000, 0x000000077a500000, 0x00000007c0000000)
  eden space 192000K, 0% used [0x000000076cf00000,0x000000076cf00000,0x0000000778a80000)
  from space 9728K, 77% used [0x0000000779480000,0x0000000779be5390,0x0000000779e00000)
  to   space 10240K, 0% used [0x0000000778a80000,0x0000000778a80000,0x0000000779480000)
 ParOldGen       total 89088K, used 5513K [0x00000006c6c00000, 0x00000006cc300000, 0x000000076cf00000)
  object space 89088K, 6% used [0x00000006c6c00000,0x00000006c7162678,0x00000006cc300000)
 Metaspace       used 29775K, capacity 30077K, committed 30464K, reserved 1077248K
  class space    used 3169K, capacity 3282K, committed 3328K, reserved 1048576K
}
Event: 21.586 GC heap before
{Heap before GC invocations=8 (full 1):
 PSYoungGen      total 201728K, used 199572K [0x000000076cf00000, 0x000000077a500000, 0x00000007c0000000)
  eden space 192000K, 100% used [0x000000076cf00000,0x0000000778a80000,0x0000000778a80000)
  from space 9728K, 77% used [0x0000000779480000,0x0000000779be5390,0x0000000779e00000)
  to   space 10240K, 0% used [0x0000000778a80000,0x0000000778a80000,0x0000000779480000)
 ParOldGen       total 89088K, used 5513K [0x00000006c6c00000, 0x00000006cc300000, 0x000000076cf00000)
  object space 89088K, 6% used [0x00000006c6c00000,0x00000006c7162678,0x00000006cc300000)
 Metaspace       used 32624K, capacity 32923K, committed 33408K, reserved 1079296K
  class space    used 3305K, capacity 3415K, committed 3456K, reserved 1048576K
Event: 21.606 GC heap after
Heap after GC invocations=8 (full 1):
 PSYoungGen      total 202240K, used 10221K [0x000000076cf00000, 0x0000000781500000, 0x00000007c0000000)
  eden space 192000K, 0% used [0x000000076cf00000,0x000000076cf00000,0x0000000778a80000)
  from space 10240K, 99% used [0x0000000778a80000,0x000000077947b6f8,0x0000000779480000)
  to   space 14848K, 0% used [0x0000000780680000,0x0000000780680000,0x0000000781500000)
 ParOldGen       total 89088K, used 11041K [0x00000006c6c00000, 0x00000006cc300000, 0x000000076cf00000)
  object space 89088K, 12% used [0x00000006c6c00000,0x00000006c76c8648,0x00000006cc300000)
 Metaspace       used 32624K, capacity 32923K, committed 33408K, reserved 1079296K
  class space    used 3305K, capacity 3415K, committed 3456K, reserved 1048576K
}
Event: 27.186 GC heap before
{Heap before GC invocations=9 (full 1):
 PSYoungGen      total 202240K, used 202221K [0x000000076cf00000, 0x0000000781500000, 0x00000007c0000000)
  eden space 192000K, 100% used [0x000000076cf00000,0x0000000778a80000,0x0000000778a80000)
  from space 10240K, 99% used [0x0000000778a80000,0x000000077947b6f8,0x0000000779480000)
  to   space 14848K, 0% used [0x0000000780680000,0x0000000780680000,0x0000000781500000)
 ParOldGen       total 89088K, used 11041K [0x00000006c6c00000, 0x00000006cc300000, 0x000000076cf00000)
  object space 89088K, 12% used [0x00000006c6c00000,0x00000006c76c8648,0x00000006cc300000)
 Metaspace       used 34358K, capacity 34683K, committed 35072K, reserved 1081344K
  class space    used 3461K, capacity 3575K, committed 3584K, reserved 1048576K
Event: 27.195 GC heap after
Heap after GC invocations=9 (full 1):
 PSYoungGen      total 304640K, used 13012K [0x000000076cf00000, 0x0000000781380000, 0x00000007c0000000)
  eden space 291328K, 0% used [0x000000076cf00000,0x000000076cf00000,0x000000077eb80000)
  from space 13312K, 97% used [0x0000000780680000,0x0000000781335090,0x0000000781380000)
  to   space 16896K, 0% used [0x000000077f280000,0x000000077f280000,0x0000000780300000)
 ParOldGen       total 89088K, used 11729K [0x00000006c6c00000, 0x00000006cc300000, 0x000000076cf00000)
  object space 89088K, 13% used [0x00000006c6c00000,0x00000006c7774648,0x00000006cc300000)
 Metaspace       used 34358K, capacity 34683K, committed 35072K, reserved 1081344K
  class space    used 3461K, capacity 3575K, committed 3584K, reserved 1048576K
}
Event: 9513.569 GC heap before
{Heap before GC invocations=10 (full 1):
 PSYoungGen      total 304640K, used 304340K [0x000000076cf00000, 0x0000000781380000, 0x00000007c0000000)
  eden space 291328K, 100% used [0x000000076cf00000,0x000000077eb80000,0x000000077eb80000)
  from space 13312K, 97% used [0x0000000780680000,0x0000000781335090,0x0000000781380000)
  to   space 16896K, 0% used [0x000000077f280000,0x000000077f280000,0x0000000780300000)
 ParOldGen       total 89088K, used 11729K [0x00000006c6c00000, 0x00000006cc300000, 0x000000076cf00000)
  object space 89088K, 13% used [0x00000006c6c00000,0x00000006c7774648,0x00000006cc300000)
 Metaspace       used 34664K, capacity 35003K, committed 35328K, reserved 1081344K
  class space    used 3467K, capacity 3575K, committed 3584K, reserved 1048576K

