# JRE version: Java(TM) SE Runtime Environment (8.0_121-b13) (build 1.8.0_121-b13)
# Java VM: Java HotSpot(TM) 64-Bit Server VM (25.121-b13 mixed mode bsd-amd64 compressed oops)
Heap:
 PSYoungGen      total 464384K, used 106295K [0x0000000795580000, 0x00000007b3500000, 0x00000007c0000000)
  eden space 463360K, 22% used [0x0000000795580000,0x000000079bccf1a0,0x00000007b1a00000)
  from space 1024K, 49% used [0x00000007b3400000,0x00000007b347edb0,0x00000007b3500000)
  to   space 13824K, 0% used [0x00000007b1a00000,0x00000007b1a00000,0x00000007b2780000)
 ParOldGen       total 68608K, used 20784K [0x0000000740000000, 0x0000000744300000, 0x0000000795580000)
  object space 68608K, 30% used [0x0000000740000000,0x000000074144c290,0x0000000744300000)
 Metaspace       used 36357K, capacity 36699K, committed 37160K, reserved 1083392K
  class space    used 3956K, capacity 4041K, committed 4144K, reserved 1048576K
GC Heap History (10 events):
Event: 12.424 GC heap before
{Heap before GC invocations=10 (full 1):
 PSYoungGen      total 239616K, used 181526K [0x0000000795580000, 0x00000007a4b80000, 0x00000007c0000000)
  eden space 231424K, 74% used [0x0000000795580000,0x000000079feca870,0x00000007a3780000)
  from space 8192K, 99% used [0x00000007a4380000,0x00000007a4b7b1e8,0x00000007a4b80000)
  to   space 9728K, 0% used [0x00000007a3880000,0x00000007a3880000,0x00000007a4200000)
 ParOldGen       total 43008K, used 5156K [0x0000000740000000, 0x0000000742a00000, 0x0000000795580000)
  object space 43008K, 11% used [0x0000000740000000,0x00000007405093c8,0x0000000742a00000)
 Metaspace       used 34935K, capacity 35255K, committed 35496K, reserved 1081344K
  class space    used 3906K, capacity 4009K, committed 4016K, reserved 1048576K
Event: 12.441 GC heap after
Heap after GC invocations=10 (full 1):
 PSYoungGen      total 242176K, used 9701K [0x0000000795580000, 0x00000007abf00000, 0x00000007c0000000)
  eden space 232448K, 0% used [0x0000000795580000,0x0000000795580000,0x00000007a3880000)
  from space 9728K, 99% used [0x00000007a3880000,0x00000007a41f9460,0x00000007a4200000)
  to   space 13824K, 0% used [0x00000007ab180000,0x00000007ab180000,0x00000007abf00000)
 ParOldGen       total 43008K, used 11613K [0x0000000740000000, 0x0000000742a00000, 0x0000000795580000)
  object space 43008K, 27% used [0x0000000740000000,0x0000000740b57768,0x0000000742a00000)
 Metaspace       used 34935K, capacity 35255K, committed 35496K, reserved 1081344K
  class space    used 3906K, capacity 4009K, committed 4016K, reserved 1048576K
}
Event: 12.441 GC heap before
{Heap before GC invocations=11 (full 2):
 PSYoungGen      total 242176K, used 9701K [0x0000000795580000, 0x00000007abf00000, 0x00000007c0000000)
  eden space 232448K, 0% used [0x0000000795580000,0x0000000795580000,0x00000007a3880000)
  from space 9728K, 99% used [0x00000007a3880000,0x00000007a41f9460,0x00000007a4200000)
  to   space 13824K, 0% used [0x00000007ab180000,0x00000007ab180000,0x00000007abf00000)
 ParOldGen       total 43008K, used 11613K [0x0000000740000000, 0x0000000742a00000, 0x0000000795580000)
  object space 43008K, 27% used [0x0000000740000000,0x0000000740b57768,0x0000000742a00000)
 Metaspace       used 34935K, capacity 35255K, committed 35496K, reserved 1081344K
  class space    used 3906K, capacity 4009K, committed 4016K, reserved 1048576K
Event: 12.542 GC heap after
Heap after GC invocations=11 (full 2):
 PSYoungGen      total 242176K, used 0K [0x0000000795580000, 0x00000007abf00000, 0x00000007c0000000)
  eden space 232448K, 0% used [0x0000000795580000,0x0000000795580000,0x00000007a3880000)
  from space 9728K, 0% used [0x00000007a3880000,0x00000007a3880000,0x00000007a4200000)
  to   space 13824K, 0% used [0x00000007ab180000,0x00000007ab180000,0x00000007abf00000)
 ParOldGen       total 68608K, used 20534K [0x0000000740000000, 0x0000000744300000, 0x0000000795580000)
  object space 68608K, 29% used [0x0000000740000000,0x000000074140dad0,0x0000000744300000)
 Metaspace       used 34935K, capacity 35255K, committed 35496K, reserved 1081344K
  class space    used 3906K, capacity 4009K, committed 4016K, reserved 1048576K
}
Event: 15.974 GC heap before
{Heap before GC invocations=12 (full 2):
 PSYoungGen      total 242176K, used 232448K [0x0000000795580000, 0x00000007abf00000, 0x00000007c0000000)
  eden space 232448K, 100% used [0x0000000795580000,0x00000007a3880000,0x00000007a3880000)
  from space 9728K, 0% used [0x00000007a3880000,0x00000007a3880000,0x00000007a4200000)
  to   space 13824K, 0% used [0x00000007ab180000,0x00000007ab180000,0x00000007abf00000)
 ParOldGen       total 68608K, used 20534K [0x0000000740000000, 0x0000000744300000, 0x0000000795580000)
  object space 68608K, 29% used [0x0000000740000000,0x000000074140dad0,0x0000000744300000)
 Metaspace       used 35430K, capacity 35767K, committed 36008K, reserved 1081344K
  class space    used 3908K, capacity 4009K, committed 4016K, reserved 1048576K
Event: 15.977 GC heap after
Heap after GC invocations=12 (full 2):
 PSYoungGen      total 345088K, used 256K [0x0000000795580000, 0x00000007ab980000, 0x00000007c0000000)
  eden space 336896K, 0% used [0x0000000795580000,0x0000000795580000,0x00000007a9e80000)
  from space 8192K, 3% used [0x00000007ab180000,0x00000007ab1c0010,0x00000007ab980000)
  to   space 13824K, 0% used [0x00000007a9e80000,0x00000007a9e80000,0x00000007aac00000)
 ParOldGen       total 68608K, used 20542K [0x0000000740000000, 0x0000000744300000, 0x0000000795580000)
  object space 68608K, 29% used [0x0000000740000000,0x000000074140fad0,0x0000000744300000)
 Metaspace       used 35430K, capacity 35767K, committed 36008K, reserved 1081344K
  class space    used 3908K, capacity 4009K, committed 4016K, reserved 1048576K
}
Event: 21.034 GC heap before
{Heap before GC invocations=13 (full 2):
 PSYoungGen      total 345088K, used 337152K [0x0000000795580000, 0x00000007ab980000, 0x00000007c0000000)
  eden space 336896K, 100% used [0x0000000795580000,0x00000007a9e80000,0x00000007a9e80000)
  from space 8192K, 3% used [0x00000007ab180000,0x00000007ab1c0010,0x00000007ab980000)
  to   space 13824K, 0% used [0x00000007a9e80000,0x00000007a9e80000,0x00000007aac00000)
 ParOldGen       total 68608K, used 20542K [0x0000000740000000, 0x0000000744300000, 0x0000000795580000)
  object space 68608K, 29% used [0x0000000740000000,0x000000074140fad0,0x0000000744300000)
 Metaspace       used 35929K, capacity 36315K, committed 36648K, reserved 1081344K
  class space    used 3923K, capacity 4041K, committed 4144K, reserved 1048576K
Event: 21.036 GC heap after
Heap after GC invocations=13 (full 2):
 PSYoungGen      total 350720K, used 347K [0x0000000795580000, 0x00000007b4180000, 0x00000007c0000000)
  eden space 336896K, 0% used [0x0000000795580000,0x0000000795580000,0x00000007a9e80000)
  from space 13824K, 2% used [0x00000007a9e80000,0x00000007a9ed6ca0,0x00000007aac00000)
  to   space 13824K, 0% used [0x00000007b3400000,0x00000007b3400000,0x00000007b4180000)
 ParOldGen       total 68608K, used 20590K [0x0000000740000000, 0x0000000744300000, 0x0000000795580000)
  object space 68608K, 30% used [0x0000000740000000,0x000000074141bad0,0x0000000744300000)
 Metaspace       used 35929K, capacity 36315K, committed 36648K, reserved 1081344K
  class space    used 3923K, capacity 4041K, committed 4144K, reserved 1048576K
}
Event: 29.756 GC heap before
{Heap before GC invocations=14 (full 2):
 PSYoungGen      total 350720K, used 337243K [0x0000000795580000, 0x00000007b4180000, 0x00000007c0000000)
  eden space 336896K, 100% used [0x0000000795580000,0x00000007a9e80000,0x00000007a9e80000)
  from space 13824K, 2% used [0x00000007a9e80000,0x00000007a9ed6ca0,0x00000007aac00000)
  to   space 13824K, 0% used [0x00000007b3400000,0x00000007b3400000,0x00000007b4180000)
 ParOldGen       total 68608K, used 20590K [0x0000000740000000, 0x0000000744300000, 0x0000000795580000)
  object space 68608K, 30% used [0x0000000740000000,0x000000074141bad0,0x0000000744300000)
 Metaspace       used 36350K, capacity 36699K, committed 37160K, reserved 1083392K
  class space    used 3956K, capacity 4041K, committed 4144K, reserved 1048576K
Event: 29.761 GC heap after
Heap after GC invocations=14 (full 2):
 PSYoungGen      total 464384K, used 507K [0x0000000795580000, 0x00000007b3500000, 0x00000007c0000000)
  eden space 463360K, 0% used [0x0000000795580000,0x0000000795580000,0x00000007b1a00000)
  from space 1024K, 49% used [0x00000007b3400000,0x00000007b347edb0,0x00000007b3500000)
  to   space 13824K, 0% used [0x00000007b1a00000,0x00000007b1a00000,0x00000007b2780000)
 ParOldGen       total 68608K, used 20784K [0x0000000740000000, 0x0000000744300000, 0x0000000795580000)
  object space 68608K, 30% used [0x0000000740000000,0x000000074144c290,0x0000000744300000)
 Metaspace       used 36350K, capacity 36699K, committed 37160K, reserved 1083392K
  class space    used 3956K, capacity 4041K, committed 4144K, reserved 1048576K
}

