# JRE version: Java(TM) SE Runtime Environment (8.0_121-b13) (build 1.8.0_121-b13)
# Java VM: Java HotSpot(TM) 64-Bit Server VM (25.121-b13 mixed mode bsd-amd64 compressed oops)
Heap:
 PSYoungGen      total 222720K, used 109764K [0x0000000795580000, 0x00000007a9680000, 0x00000007c0000000)
  eden space 212480K, 51% used [0x0000000795580000,0x000000079c0b10b8,0x00000007a2500000)
  from space 10240K, 0% used [0x00000007a2500000,0x00000007a2500000,0x00000007a2f00000)
  to   space 14336K, 0% used [0x00000007a8880000,0x00000007a8880000,0x00000007a9680000)
 ParOldGen       total 74752K, used 20383K [0x0000000740000000, 0x0000000744900000, 0x0000000795580000)
  object space 74752K, 27% used [0x0000000740000000,0x00000007413e7c60,0x0000000744900000)
 Metaspace       used 35486K, capacity 35795K, committed 36184K, reserved 1081344K
  class space    used 3944K, capacity 4041K, committed 4096K, reserved 1048576K
GC Heap History (10 events):
Event: 2.306 GC heap before
{Heap before GC invocations=7 (full 1):
 PSYoungGen      total 71680K, used 66560K [0x0000000795580000, 0x000000079e680000, 0x00000007c0000000)
  eden space 66560K, 100% used [0x0000000795580000,0x0000000799680000,0x0000000799680000)
  from space 5120K, 0% used [0x0000000799680000,0x0000000799680000,0x0000000799b80000)
  to   space 7680K, 0% used [0x000000079df00000,0x000000079df00000,0x000000079e680000)
 ParOldGen       total 45568K, used 4944K [0x0000000740000000, 0x0000000742c80000, 0x0000000795580000)
  object space 45568K, 10% used [0x0000000740000000,0x00000007404d4330,0x0000000742c80000)
 Metaspace       used 21392K, capacity 21605K, committed 21888K, reserved 1069056K
  class space    used 2262K, capacity 2344K, committed 2432K, reserved 1048576K
Event: 2.308 GC heap after
Heap after GC invocations=7 (full 1):
 PSYoungGen      total 120832K, used 475K [0x0000000795580000, 0x000000079df80000, 0x00000007c0000000)
  eden space 120320K, 0% used [0x0000000795580000,0x0000000795580000,0x000000079cb00000)
  from space 512K, 92% used [0x000000079df00000,0x000000079df76de0,0x000000079df80000)
  to   space 8192K, 0% used [0x000000079cf80000,0x000000079cf80000,0x000000079d780000)
 ParOldGen       total 45568K, used 4952K [0x0000000740000000, 0x0000000742c80000, 0x0000000795580000)
  object space 45568K, 10% used [0x0000000740000000,0x00000007404d6330,0x0000000742c80000)
 Metaspace       used 21392K, capacity 21605K, committed 21888K, reserved 1069056K
  class space    used 2262K, capacity 2344K, committed 2432K, reserved 1048576K
}
Event: 2.473 GC heap before
{Heap before GC invocations=8 (full 1):
 PSYoungGen      total 120832K, used 120795K [0x0000000795580000, 0x000000079df80000, 0x00000007c0000000)
  eden space 120320K, 100% used [0x0000000795580000,0x000000079cb00000,0x000000079cb00000)
  from space 512K, 92% used [0x000000079df00000,0x000000079df76de0,0x000000079df80000)
  to   space 8192K, 0% used [0x000000079cf80000,0x000000079cf80000,0x000000079d780000)
 ParOldGen       total 45568K, used 4952K [0x0000000740000000, 0x0000000742c80000, 0x0000000795580000)
  object space 45568K, 10% used [0x0000000740000000,0x00000007404d6330,0x0000000742c80000)
 Metaspace       used 22273K, capacity 22583K, committed 22784K, reserved 1069056K
  class space    used 2356K, capacity 2449K, committed 2560K, reserved 1048576K
Event: 2.477 GC heap after
Heap after GC invocations=8 (full 1):
 PSYoungGen      total 133120K, used 1844K [0x0000000795580000, 0x00000007a3700000, 0x00000007c0000000)
  eden space 124928K, 0% used [0x0000000795580000,0x0000000795580000,0x000000079cf80000)
  from space 8192K, 22% used [0x000000079cf80000,0x000000079d14d188,0x000000079d780000)
  to   space 8192K, 0% used [0x00000007a2f00000,0x00000007a2f00000,0x00000007a3700000)
 ParOldGen       total 45568K, used 4960K [0x0000000740000000, 0x0000000742c80000, 0x0000000795580000)
  object space 45568K, 10% used [0x0000000740000000,0x00000007404d8330,0x0000000742c80000)
 Metaspace       used 22273K, capacity 22583K, committed 22784K, reserved 1069056K
  class space    used 2356K, capacity 2449K, committed 2560K, reserved 1048576K
}
Event: 4.679 GC heap before
{Heap before GC invocations=9 (full 1):
 PSYoungGen      total 133120K, used 126772K [0x0000000795580000, 0x00000007a3700000, 0x00000007c0000000)
  eden space 124928K, 100% used [0x0000000795580000,0x000000079cf80000,0x000000079cf80000)
  from space 8192K, 22% used [0x000000079cf80000,0x000000079d14d188,0x000000079d780000)
  to   space 8192K, 0% used [0x00000007a2f00000,0x00000007a2f00000,0x00000007a3700000)
 ParOldGen       total 45568K, used 4960K [0x0000000740000000, 0x0000000742c80000, 0x0000000795580000)
  object space 45568K, 10% used [0x0000000740000000,0x00000007404d8330,0x0000000742c80000)
 Metaspace       used 31306K, capacity 31697K, committed 31872K, reserved 1077248K
  class space    used 3558K, capacity 3680K, committed 3712K, reserved 1048576K
Event: 4.689 GC heap after
Heap after GC invocations=9 (full 1):
 PSYoungGen      total 220672K, used 8184K [0x0000000795580000, 0x00000007a3d80000, 0x00000007c0000000)
  eden space 212480K, 0% used [0x0000000795580000,0x0000000795580000,0x00000007a2500000)
  from space 8192K, 99% used [0x00000007a2f00000,0x00000007a36fe058,0x00000007a3700000)
  to   space 10240K, 0% used [0x00000007a2500000,0x00000007a2500000,0x00000007a2f00000)
 ParOldGen       total 45568K, used 5616K [0x0000000740000000, 0x0000000742c80000, 0x0000000795580000)
  object space 45568K, 12% used [0x0000000740000000,0x000000074057c3e8,0x0000000742c80000)
 Metaspace       used 31306K, capacity 31697K, committed 31872K, reserved 1077248K
  class space    used 3558K, capacity 3680K, committed 3712K, reserved 1048576K
}
Event: 6.822 GC heap before
{Heap before GC invocations=10 (full 1):
 PSYoungGen      total 220672K, used 134146K [0x0000000795580000, 0x00000007a3d80000, 0x00000007c0000000)
  eden space 212480K, 59% used [0x0000000795580000,0x000000079d082a50,0x00000007a2500000)
  from space 8192K, 99% used [0x00000007a2f00000,0x00000007a36fe058,0x00000007a3700000)
  to   space 10240K, 0% used [0x00000007a2500000,0x00000007a2500000,0x00000007a2f00000)
 ParOldGen       total 45568K, used 5616K [0x0000000740000000, 0x0000000742c80000, 0x0000000795580000)
  object space 45568K, 12% used [0x0000000740000000,0x000000074057c3e8,0x0000000742c80000)
 Metaspace       used 34816K, capacity 35091K, committed 35416K, reserved 1081344K
  class space    used 3896K, capacity 3977K, committed 4096K, reserved 1048576K
Event: 6.835 GC heap after
Heap after GC invocations=10 (full 1):
 PSYoungGen      total 222720K, used 10230K [0x0000000795580000, 0x00000007a9680000, 0x00000007c0000000)
  eden space 212480K, 0% used [0x0000000795580000,0x0000000795580000,0x00000007a2500000)
  from space 10240K, 99% used [0x00000007a2500000,0x00000007a2efdb70,0x00000007a2f00000)
  to   space 14336K, 0% used [0x00000007a8880000,0x00000007a8880000,0x00000007a9680000)
 ParOldGen       total 45568K, used 12466K [0x0000000740000000, 0x0000000742c80000, 0x0000000795580000)
  object space 45568K, 27% used [0x0000000740000000,0x0000000740c2ca10,0x0000000742c80000)
 Metaspace       used 34816K, capacity 35091K, committed 35416K, reserved 1081344K
  class space    used 3896K, capacity 3977K, committed 4096K, reserved 1048576K
}
Event: 6.835 GC heap before
{Heap before GC invocations=11 (full 2):
 PSYoungGen      total 222720K, used 10230K [0x0000000795580000, 0x00000007a9680000, 0x00000007c0000000)
  eden space 212480K, 0% used [0x0000000795580000,0x0000000795580000,0x00000007a2500000)
  from space 10240K, 99% used [0x00000007a2500000,0x00000007a2efdb70,0x00000007a2f00000)
  to   space 14336K, 0% used [0x00000007a8880000,0x00000007a8880000,0x00000007a9680000)
 ParOldGen       total 45568K, used 12466K [0x0000000740000000, 0x0000000742c80000, 0x0000000795580000)
  object space 45568K, 27% used [0x0000000740000000,0x0000000740c2ca10,0x0000000742c80000)
 Metaspace       used 34816K, capacity 35091K, committed 35416K, reserved 1081344K
  class space    used 3896K, capacity 3977K, committed 4096K, reserved 1048576K
Event: 6.881 GC heap after
Heap after GC invocations=11 (full 2):
 PSYoungGen      total 222720K, used 0K [0x0000000795580000, 0x00000007a9680000, 0x00000007c0000000)
  eden space 212480K, 0% used [0x0000000795580000,0x0000000795580000,0x00000007a2500000)
  from space 10240K, 0% used [0x00000007a2500000,0x00000007a2500000,0x00000007a2f00000)
  to   space 14336K, 0% used [0x00000007a8880000,0x00000007a8880000,0x00000007a9680000)
 ParOldGen       total 74752K, used 20383K [0x0000000740000000, 0x0000000744900000, 0x0000000795580000)
  object space 74752K, 27% used [0x0000000740000000,0x00000007413e7c60,0x0000000744900000)
 Metaspace       used 34816K, capacity 35091K, committed 35416K, reserved 1081344K
  class space    used 3896K, capacity 3977K, committed 4096K, reserved 1048576K
}

