# JRE version: OpenJDK Runtime Environment (8.0_292-b10) (build 1.8.0_292-8u292-b10-0ubuntu1~16.04.1-b10)
# Java VM: OpenJDK 64-Bit Server VM (25.292-b10 mixed mode linux-amd64 compressed oops)
Heap:
 PSYoungGen      total 368640K, used 384K [0x00000000d7980000, 0x00000000efe80000, 0x0000000100000000)
  eden space 357888K, 0% used [0x00000000d7980000,0x00000000d7980000,0x00000000ed700000)
  from space 10752K, 3% used [0x00000000ed700000,0x00000000ed760000,0x00000000ee180000)
  to   space 9216K, 0% used [0x00000000ee180000,0x00000000ee180000,0x00000000eea80000)
 ParOldGen       total 55296K, used 26648K [0x0000000086c00000, 0x000000008a200000, 0x00000000d7980000)
  object space 55296K, 48% used [0x0000000086c00000,0x0000000088606250,0x000000008a200000)
 Metaspace       used 38082K, capacity 38441K, committed 38784K, reserved 1083392K
  class space    used 4096K, capacity 4188K, committed 4224K, reserved 1048576K
GC Heap History (10 events):
Event: 4.693 GC heap after
Heap after GC invocations=8 (full 1):
 PSYoungGen      total 133120K, used 0K [0x00000000d7980000, 0x00000000e7e80000, 0x0000000100000000)
  eden space 124928K, 0% used [0x00000000d7980000,0x00000000d7980000,0x00000000df380000)
  from space 8192K, 0% used [0x00000000df380000,0x00000000df380000,0x00000000dfb80000)
  to   space 8704K, 0% used [0x00000000e7600000,0x00000000e7600000,0x00000000e7e80000)
 ParOldGen       total 44032K, used 5687K [0x0000000086c00000, 0x0000000089700000, 0x00000000d7980000)
  object space 44032K, 12% used [0x0000000086c00000,0x000000008718dc68,0x0000000089700000)
 Metaspace       used 20802K, capacity 21063K, committed 21248K, reserved 1069056K
  class space    used 2140K, capacity 2224K, committed 2304K, reserved 1048576K
}
Event: 6.665 GC heap before
{Heap before GC invocations=9 (full 1):
 PSYoungGen      total 133120K, used 124928K [0x00000000d7980000, 0x00000000e7e80000, 0x0000000100000000)
  eden space 124928K, 100% used [0x00000000d7980000,0x00000000df380000,0x00000000df380000)
  from space 8192K, 0% used [0x00000000df380000,0x00000000df380000,0x00000000dfb80000)
  to   space 8704K, 0% used [0x00000000e7600000,0x00000000e7600000,0x00000000e7e80000)
 ParOldGen       total 44032K, used 5687K [0x0000000086c00000, 0x0000000089700000, 0x00000000d7980000)
  object space 44032K, 12% used [0x0000000086c00000,0x000000008718dc68,0x0000000089700000)
 Metaspace       used 29397K, capacity 29705K, committed 30080K, reserved 1075200K
  class space    used 3254K, capacity 3376K, committed 3456K, reserved 1048576K
Event: 6.672 GC heap after
Heap after GC invocations=9 (full 1):
 PSYoungGen      total 241664K, used 4642K [0x00000000d7980000, 0x00000000e7b00000, 0x0000000100000000)
  eden space 236544K, 0% used [0x00000000d7980000,0x00000000d7980000,0x00000000e6080000)
  from space 5120K, 90% used [0x00000000e7600000,0x00000000e7a88820,0x00000000e7b00000)
  to   space 8192K, 0% used [0x00000000e6b00000,0x00000000e6b00000,0x00000000e7300000)
 ParOldGen       total 44032K, used 5695K [0x0000000086c00000, 0x0000000089700000, 0x00000000d7980000)
  object space 44032K, 12% used [0x0000000086c00000,0x000000008718fc68,0x0000000089700000)
 Metaspace       used 29397K, capacity 29705K, committed 30080K, reserved 1075200K
  class space    used 3254K, capacity 3376K, committed 3456K, reserved 1048576K
}
Event: 50.220 GC heap before
{Heap before GC invocations=10 (full 1):
 PSYoungGen      total 241664K, used 67850K [0x00000000d7980000, 0x00000000e7b00000, 0x0000000100000000)
  eden space 236544K, 26% used [0x00000000d7980000,0x00000000db73a0b8,0x00000000e6080000)
  from space 5120K, 90% used [0x00000000e7600000,0x00000000e7a88820,0x00000000e7b00000)
  to   space 8192K, 0% used [0x00000000e6b00000,0x00000000e6b00000,0x00000000e7300000)
 ParOldGen       total 44032K, used 5695K [0x0000000086c00000, 0x0000000089700000, 0x00000000d7980000)
  object space 44032K, 12% used [0x0000000086c00000,0x000000008718fc68,0x0000000089700000)
 Metaspace       used 34721K, capacity 35127K, committed 35416K, reserved 1081344K
  class space    used 3919K, capacity 4047K, committed 4096K, reserved 1048576K
Event: 50.238 GC heap after
Heap after GC invocations=10 (full 1):
 PSYoungGen      total 255488K, used 8190K [0x00000000d7980000, 0x00000000eea80000, 0x0000000100000000)
  eden space 247296K, 0% used [0x00000000d7980000,0x00000000d7980000,0x00000000e6b00000)
  from space 8192K, 99% used [0x00000000e6b00000,0x00000000e72ffb38,0x00000000e7300000)
  to   space 9216K, 0% used [0x00000000ee180000,0x00000000ee180000,0x00000000eea80000)
 ParOldGen       total 44032K, used 5769K [0x0000000086c00000, 0x0000000089700000, 0x00000000d7980000)
  object space 44032K, 13% used [0x0000000086c00000,0x00000000871a2688,0x0000000089700000)
 Metaspace       used 34721K, capacity 35127K, committed 35416K, reserved 1081344K
  class space    used 3919K, capacity 4047K, committed 4096K, reserved 1048576K
}
Event: 50.238 GC heap before
{Heap before GC invocations=11 (full 2):
 PSYoungGen      total 255488K, used 8190K [0x00000000d7980000, 0x00000000eea80000, 0x0000000100000000)
  eden space 247296K, 0% used [0x00000000d7980000,0x00000000d7980000,0x00000000e6b00000)
  from space 8192K, 99% used [0x00000000e6b00000,0x00000000e72ffb38,0x00000000e7300000)
  to   space 9216K, 0% used [0x00000000ee180000,0x00000000ee180000,0x00000000eea80000)
 ParOldGen       total 44032K, used 5769K [0x0000000086c00000, 0x0000000089700000, 0x00000000d7980000)
  object space 44032K, 13% used [0x0000000086c00000,0x00000000871a2688,0x0000000089700000)
 Metaspace       used 34721K, capacity 35127K, committed 35416K, reserved 1081344K
  class space    used 3919K, capacity 4047K, committed 4096K, reserved 1048576K
Event: 50.328 GC heap after
Heap after GC invocations=11 (full 2):
 PSYoungGen      total 255488K, used 0K [0x00000000d7980000, 0x00000000eea80000, 0x0000000100000000)
  eden space 247296K, 0% used [0x00000000d7980000,0x00000000d7980000,0x00000000e6b00000)
  from space 8192K, 0% used [0x00000000e6b00000,0x00000000e6b00000,0x00000000e7300000)
  to   space 9216K, 0% used [0x00000000ee180000,0x00000000ee180000,0x00000000eea80000)
 ParOldGen       total 55296K, used 13436K [0x0000000086c00000, 0x000000008a200000, 0x00000000d7980000)
  object space 55296K, 24% used [0x0000000086c00000,0x000000008791f340,0x000000008a200000)
 Metaspace       used 34663K, capacity 34989K, committed 35416K, reserved 1081344K
  class space    used 3906K, capacity 4024K, committed 4096K, reserved 1048576K
}
Event: 76.035 GC heap before
{Heap before GC invocations=12 (full 2):
 PSYoungGen      total 255488K, used 247296K [0x00000000d7980000, 0x00000000eea80000, 0x0000000100000000)
  eden space 247296K, 100% used [0x00000000d7980000,0x00000000e6b00000,0x00000000e6b00000)
  from space 8192K, 0% used [0x00000000e6b00000,0x00000000e6b00000,0x00000000e7300000)
  to   space 9216K, 0% used [0x00000000ee180000,0x00000000ee180000,0x00000000eea80000)
 ParOldGen       total 55296K, used 13436K [0x0000000086c00000, 0x000000008a200000, 0x00000000d7980000)
  object space 55296K, 24% used [0x0000000086c00000,0x000000008791f340,0x000000008a200000)
 Metaspace       used 37522K, capacity 37865K, committed 38272K, reserved 1083392K
  class space    used 4096K, capacity 4188K, committed 4224K, reserved 1048576K
Event: 76.041 GC heap after
Heap after GC invocations=12 (full 2):
 PSYoungGen      total 367104K, used 9203K [0x00000000d7980000, 0x00000000efe80000, 0x0000000100000000)
  eden space 357888K, 0% used [0x00000000d7980000,0x00000000d7980000,0x00000000ed700000)
  from space 9216K, 99% used [0x00000000ee180000,0x00000000eea7ceb0,0x00000000eea80000)
  to   space 10752K, 0% used [0x00000000ed700000,0x00000000ed700000,0x00000000ee180000)
 ParOldGen       total 55296K, used 15039K [0x0000000086c00000, 0x000000008a200000, 0x00000000d7980000)
  object space 55296K, 27% used [0x0000000086c00000,0x0000000087aaff38,0x000000008a200000)
 Metaspace       used 37522K, capacity 37865K, committed 38272K, reserved 1083392K
  class space    used 4096K, capacity 4188K, committed 4224K, reserved 1048576K
}
Event: 83.220 GC heap before
{Heap before GC invocations=13 (full 2):
 PSYoungGen      total 367104K, used 367091K [0x00000000d7980000, 0x00000000efe80000, 0x0000000100000000)
  eden space 357888K, 100% used [0x00000000d7980000,0x00000000ed700000,0x00000000ed700000)
  from space 9216K, 99% used [0x00000000ee180000,0x00000000eea7ceb0,0x00000000eea80000)
  to   space 10752K, 0% used [0x00000000ed700000,0x00000000ed700000,0x00000000ee180000)
 ParOldGen       total 55296K, used 15039K [0x0000000086c00000, 0x000000008a200000, 0x00000000d7980000)
  object space 55296K, 27% used [0x0000000086c00000,0x0000000087aaff38,0x000000008a200000)
 Metaspace       used 38082K, capacity 38441K, committed 38784K, reserved 1083392K
  class space    used 4096K, capacity 4188K, committed 4224K, reserved 1048576K

