# JRE version: OpenJDK Runtime Environment (8.0_292-b10) (build 1.8.0_292-8u292-b10-0ubuntu1~16.04.1-b10)
# Java VM: OpenJDK 64-Bit Server VM (25.292-b10 mixed mode linux-amd64 compressed oops)
Heap:
 PSYoungGen      total 384000K, used 482K [0x00000000d7980000, 0x00000000f0400000, 0x0000000100000000)
  eden space 373760K, 0% used [0x00000000d7980000,0x00000000d7980000,0x00000000ee680000)
  from space 10240K, 4% used [0x00000000ee680000,0x00000000ee6f8888,0x00000000ef080000)
  to   space 9728K, 0% used [0x00000000ef080000,0x00000000ef080000,0x00000000efa00000)
 ParOldGen       total 52736K, used 22482K [0x0000000086c00000, 0x0000000089f80000, 0x00000000d7980000)
  object space 52736K, 42% used [0x0000000086c00000,0x00000000881f4bf8,0x0000000089f80000)
 Metaspace       used 38019K, capacity 38295K, committed 38784K, reserved 1083392K
  class space    used 4090K, capacity 4185K, committed 4224K, reserved 1048576K
GC Heap History (10 events):
Event: 10.033 GC heap after
Heap after GC invocations=8 (full 1):
 PSYoungGen      total 133120K, used 0K [0x00000000d7980000, 0x00000000e7e80000, 0x0000000100000000)
  eden space 124928K, 0% used [0x00000000d7980000,0x00000000d7980000,0x00000000df380000)
  from space 8192K, 0% used [0x00000000df380000,0x00000000df380000,0x00000000dfb80000)
  to   space 8704K, 0% used [0x00000000e7600000,0x00000000e7600000,0x00000000e7e80000)
 ParOldGen       total 43008K, used 5768K [0x0000000086c00000, 0x0000000089600000, 0x00000000d7980000)
  object space 43008K, 13% used [0x0000000086c00000,0x00000000871a2210,0x0000000089600000)
 Metaspace       used 20805K, capacity 21069K, committed 21248K, reserved 1069056K
  class space    used 2137K, capacity 2225K, committed 2304K, reserved 1048576K
}
Event: 17.291 GC heap before
{Heap before GC invocations=9 (full 1):
 PSYoungGen      total 133120K, used 124928K [0x00000000d7980000, 0x00000000e7e80000, 0x0000000100000000)
  eden space 124928K, 100% used [0x00000000d7980000,0x00000000df380000,0x00000000df380000)
  from space 8192K, 0% used [0x00000000df380000,0x00000000df380000,0x00000000dfb80000)
  to   space 8704K, 0% used [0x00000000e7600000,0x00000000e7600000,0x00000000e7e80000)
 ParOldGen       total 43008K, used 5768K [0x0000000086c00000, 0x0000000089600000, 0x00000000d7980000)
  object space 43008K, 13% used [0x0000000086c00000,0x00000000871a2210,0x0000000089600000)
 Metaspace       used 31335K, capacity 31739K, committed 32000K, reserved 1077248K
  class space    used 3446K, capacity 3551K, committed 3584K, reserved 1048576K
Event: 17.296 GC heap after
Heap after GC invocations=9 (full 1):
 PSYoungGen      total 247808K, used 5951K [0x00000000d7980000, 0x00000000e7c00000, 0x0000000100000000)
  eden space 241664K, 0% used [0x00000000d7980000,0x00000000d7980000,0x00000000e6580000)
  from space 6144K, 96% used [0x00000000e7600000,0x00000000e7bcfdd8,0x00000000e7c00000)
  to   space 8704K, 0% used [0x00000000e6b00000,0x00000000e6b00000,0x00000000e7380000)
 ParOldGen       total 43008K, used 5784K [0x0000000086c00000, 0x0000000089600000, 0x00000000d7980000)
  object space 43008K, 13% used [0x0000000086c00000,0x00000000871a6210,0x0000000089600000)
 Metaspace       used 31335K, capacity 31739K, committed 32000K, reserved 1077248K
  class space    used 3446K, capacity 3551K, committed 3584K, reserved 1048576K
}
Event: 59.075 GC heap before
{Heap before GC invocations=10 (full 1):
 PSYoungGen      total 247808K, used 44682K [0x00000000d7980000, 0x00000000e7c00000, 0x0000000100000000)
  eden space 241664K, 16% used [0x00000000d7980000,0x00000000d9f52d40,0x00000000e6580000)
  from space 6144K, 96% used [0x00000000e7600000,0x00000000e7bcfdd8,0x00000000e7c00000)
  to   space 8704K, 0% used [0x00000000e6b00000,0x00000000e6b00000,0x00000000e7380000)
 ParOldGen       total 43008K, used 5784K [0x0000000086c00000, 0x0000000089600000, 0x00000000d7980000)
  object space 43008K, 13% used [0x0000000086c00000,0x00000000871a6210,0x0000000089600000)
 Metaspace       used 34803K, capacity 35101K, committed 35416K, reserved 1081344K
  class space    used 3923K, capacity 4032K, committed 4096K, reserved 1048576K
Event: 59.085 GC heap after
Heap after GC invocations=10 (full 1):
 PSYoungGen      total 256000K, used 7889K [0x00000000d7980000, 0x00000000efa00000, 0x0000000100000000)
  eden space 247296K, 0% used [0x00000000d7980000,0x00000000d7980000,0x00000000e6b00000)
  from space 8704K, 90% used [0x00000000e6b00000,0x00000000e72b4638,0x00000000e7380000)
  to   space 9728K, 0% used [0x00000000ef080000,0x00000000ef080000,0x00000000efa00000)
 ParOldGen       total 43008K, used 5792K [0x0000000086c00000, 0x0000000089600000, 0x00000000d7980000)
  object space 43008K, 13% used [0x0000000086c00000,0x00000000871a8210,0x0000000089600000)
 Metaspace       used 34803K, capacity 35101K, committed 35416K, reserved 1081344K
  class space    used 3923K, capacity 4032K, committed 4096K, reserved 1048576K
}
Event: 59.085 GC heap before
{Heap before GC invocations=11 (full 2):
 PSYoungGen      total 256000K, used 7889K [0x00000000d7980000, 0x00000000efa00000, 0x0000000100000000)
  eden space 247296K, 0% used [0x00000000d7980000,0x00000000d7980000,0x00000000e6b00000)
  from space 8704K, 90% used [0x00000000e6b00000,0x00000000e72b4638,0x00000000e7380000)
  to   space 9728K, 0% used [0x00000000ef080000,0x00000000ef080000,0x00000000efa00000)
 ParOldGen       total 43008K, used 5792K [0x0000000086c00000, 0x0000000089600000, 0x00000000d7980000)
  object space 43008K, 13% used [0x0000000086c00000,0x00000000871a8210,0x0000000089600000)
 Metaspace       used 34803K, capacity 35101K, committed 35416K, reserved 1081344K
  class space    used 3923K, capacity 4032K, committed 4096K, reserved 1048576K
Event: 59.149 GC heap after
Heap after GC invocations=11 (full 2):
 PSYoungGen      total 256000K, used 0K [0x00000000d7980000, 0x00000000efa00000, 0x0000000100000000)
  eden space 247296K, 0% used [0x00000000d7980000,0x00000000d7980000,0x00000000e6b00000)
  from space 8704K, 0% used [0x00000000e6b00000,0x00000000e6b00000,0x00000000e7380000)
  to   space 9728K, 0% used [0x00000000ef080000,0x00000000ef080000,0x00000000efa00000)
 ParOldGen       total 52736K, used 13091K [0x0000000086c00000, 0x0000000089f80000, 0x00000000d7980000)
  object space 52736K, 24% used [0x0000000086c00000,0x00000000878c8d28,0x0000000089f80000)
 Metaspace       used 34776K, capacity 35035K, committed 35416K, reserved 1081344K
  class space    used 3917K, capacity 4021K, committed 4096K, reserved 1048576K
}
Event: 69.807 GC heap before
{Heap before GC invocations=12 (full 2):
 PSYoungGen      total 256000K, used 247296K [0x00000000d7980000, 0x00000000efa00000, 0x0000000100000000)
  eden space 247296K, 100% used [0x00000000d7980000,0x00000000e6b00000,0x00000000e6b00000)
  from space 8704K, 0% used [0x00000000e6b00000,0x00000000e6b00000,0x00000000e7380000)
  to   space 9728K, 0% used [0x00000000ef080000,0x00000000ef080000,0x00000000efa00000)
 ParOldGen       total 52736K, used 13091K [0x0000000086c00000, 0x0000000089f80000, 0x00000000d7980000)
  object space 52736K, 24% used [0x0000000086c00000,0x00000000878c8d28,0x0000000089f80000)
 Metaspace       used 37233K, capacity 37559K, committed 38016K, reserved 1083392K
  class space    used 4068K, capacity 4153K, committed 4224K, reserved 1048576K
Event: 69.857 GC heap after
Heap after GC invocations=12 (full 2):
 PSYoungGen      total 383488K, used 8705K [0x00000000d7980000, 0x00000000f0400000, 0x0000000100000000)
  eden space 373760K, 0% used [0x00000000d7980000,0x00000000d7980000,0x00000000ee680000)
  from space 9728K, 89% used [0x00000000ef080000,0x00000000ef900470,0x00000000efa00000)
  to   space 10240K, 0% used [0x00000000ee680000,0x00000000ee680000,0x00000000ef080000)
 ParOldGen       total 52736K, used 13099K [0x0000000086c00000, 0x0000000089f80000, 0x00000000d7980000)
  object space 52736K, 24% used [0x0000000086c00000,0x00000000878cad28,0x0000000089f80000)
 Metaspace       used 37233K, capacity 37559K, committed 38016K, reserved 1083392K
  class space    used 4068K, capacity 4153K, committed 4224K, reserved 1048576K
}
Event: 94.318 GC heap before
{Heap before GC invocations=13 (full 2):
 PSYoungGen      total 383488K, used 382465K [0x00000000d7980000, 0x00000000f0400000, 0x0000000100000000)
  eden space 373760K, 100% used [0x00000000d7980000,0x00000000ee680000,0x00000000ee680000)
  from space 9728K, 89% used [0x00000000ef080000,0x00000000ef900470,0x00000000efa00000)
  to   space 10240K, 0% used [0x00000000ee680000,0x00000000ee680000,0x00000000ef080000)
 ParOldGen       total 52736K, used 13099K [0x0000000086c00000, 0x0000000089f80000, 0x00000000d7980000)
  object space 52736K, 24% used [0x0000000086c00000,0x00000000878cad28,0x0000000089f80000)
 Metaspace       used 38019K, capacity 38295K, committed 38784K, reserved 1083392K
  class space    used 4090K, capacity 4185K, committed 4224K, reserved 1048576K

